#
# A fatal error has been detected by the Java Runtime Environment:
#
#  EXCEPTION_ACCESS_VIOLATION (0xc0000005) at pc=0x000000006b29a28b, pid=12576, tid=0x0000000000001cb0
#
# JRE version: Java(TM) SE Runtime Environment (8.0_181-b13) (build 1.8.0_181-b13)
# Java VM: Java HotSpot(TM) 64-Bit Server VM (25.181-b13 mixed mode windows-amd64 compressed oops)
# Problematic frame:
# V  [jvm.dll+0x2da28b]
#
# Failed to write core dump. Minidumps are not enabled by default on client versions of Windows
#
# If you would like to submit a bug report, please visit:
#   http://bugreport.java.com/bugreport/crash.jsp
#

---------------  T H R E A D  ---------------

Current thread (0x0000000017cbd000):  JavaThread "JDWP Transport Listener: dt_socket" daemon [_thread_in_vm, id=7344, stack(0x0000000019300000,0x0000000019400000)]

siginfo: ExceptionCode=0xc0000005, reading address 0x000000002001efbe

Registers:
RAX=0x00000000031c5720, RBX=0x00000000193fe9c0, RCX=0x00000000193fe9c0, RDX=0x00000000030a19f0
RSP=0x00000000193fe910, RBP=0x0000000017cc1410, RSI=0x0000000001018b20, RDI=0x00000000193fe9f0
R8 =0x000000002001efb6, R9 =0x00000000d699f330, R10=0x0000000000000000, R11=0x00000000031808da
R12=0x0000000017cc7560, R13=0x0000000017cc7570, R14=0x0000000017cc7948, R15=0x00000000000003d8
RIP=0x000000006b29a28b, EFLAGS=0x0000000000010246

Top of Stack: (sp=0x00000000193fe910)
0x00000000193fe910:   00000000193fe9c0 0000000017cc1410
0x00000000193fe920:   0000000001018b20 0000000017cc1410
0x00000000193fe930:   00000000193fe9c0 000000006b1cdcd5
0x00000000193fe940:   00000000193fefc0 000000006b2071b9
0x00000000193fe950:   000000001feacc00 00000000193ff020
0x00000000193fe960:   00000000193ff020 0000000000007fe8
0x00000000193fe970:   000073bec5da28d3 000000006b29a263
0x00000000193fe980:   0000000000001418 0000000001018b20
0x00000000193fe990:   0000000000001418 000000006b207239
0x00000000193fe9a0:   000000001a947750 000000006b1cdce4
0x00000000193fe9b0:   00000000193ff030 000000001a947150
0x00000000193fe9c0:   00000000205cd670 00000000d699f330
0x00000000193fe9d0:   0000000000000000 0000000000000000
0x00000000193fe9e0:   000000002001efb6 000000001b8cc800
0x00000000193fe9f0:   000000c00000098d 0000000000000000
0x00000000193fea00:   000000001a947700 000000001b925ab8 

Instructions: (pc=0x000000006b29a28b)
0x000000006b29a26b:   c3 48 83 79 10 00 74 11 48 8b d3 e8 75 fc ff ff
0x000000006b29a27b:   48 8b c3 48 83 c4 20 5b c3 4c 8b 41 20 48 8b cb
0x000000006b29a28b:   4d 8b 48 08 49 8d 50 10 4d 8b 00 e8 85 23 d4 ff
0x000000006b29a29b:   48 8b c3 48 83 c4 20 5b c3 cc cc cc cc cc cc cc 


Register to memory mapping:

RAX=0x00000000031c5720 is an unknown value
RBX=0x00000000193fe9c0 is pointing into the stack for thread: 0x0000000017cbd000
RCX=0x00000000193fe9c0 is pointing into the stack for thread: 0x0000000017cbd000
RDX=0x00000000030a19f0 is an unknown value
RSP=0x00000000193fe910 is pointing into the stack for thread: 0x0000000017cbd000
RBP=0x0000000017cc1410 is an unknown value
RSI=0x0000000001018b20 is an unknown value
RDI=0x00000000193fe9f0 is pointing into the stack for thread: 0x0000000017cbd000
R8 =0x000000002001efb6 is an unknown value
R9 =0x00000000d699f330 is an oop
java.lang.StackOverflowError 
 - klass: 'java/lang/StackOverflowError'
R10=0x0000000000000000 is an unknown value
R11=0x00000000031808da is at begin+179 in a stub
StubRoutines::call_stub [0x0000000003180827, 0x000000000318098b[ (356 bytes)
R12=0x0000000017cc7560 is an unknown value
R13=0x0000000017cc7570 is an unknown value
R14=0x0000000017cc7948 is an unknown value
R15=0x00000000000003d8 is an unknown value


Stack: [0x0000000019300000,0x0000000019400000],  sp=0x00000000193fe910,  free space=1018k
Native frames: (J=compiled Java code, j=interpreted, Vv=VM code, C=native code)
V  [jvm.dll+0x2da28b]
V  [jvm.dll+0x20dcd5]
V  [jvm.dll+0x247239]
V  [jvm.dll+0x246e38]
V  [jvm.dll+0x1acf0e]
V  [jvm.dll+0x1aef30]
V  [jvm.dll+0x1a5112]
V  [jvm.dll+0x33ca2b]
C  [jdwp.dll+0x87f6]
C  [jdwp.dll+0xf15d]
C  [jdwp.dll+0x1f5c9]
C  [jdwp.dll+0x1f79e]
V  [jvm.dll+0x1be2da]
V  [jvm.dll+0x245d2f]
V  [jvm.dll+0x29e64a]
C  [msvcr100.dll+0x21d9f]
C  [msvcr100.dll+0x21e3b]
C  [KERNEL32.DLL+0x13034]
C  [ntdll.dll+0x71461]


---------------  P R O C E S S  ---------------

Java Threads: ( => current thread )
  0x000000001b8cc800 JavaThread "Thread-5" [_thread_blocked, id=12276, stack(0x00000000205a0000,0x00000000206a0000)]
  0x000000001b8ca800 JavaThread "DestroyJavaVM" [_thread_blocked, id=3296, stack(0x0000000002dd0000,0x0000000002ed0000)]
  0x000000001b8cf000 JavaThread "TimerQueue" daemon [_thread_blocked, id=7700, stack(0x000000001d7e0000,0x000000001d8e0000)]
  0x000000001a9ca800 JavaThread "AWT-EventQueue-0" [_thread_blocked, id=9524, stack(0x000000001b230000,0x000000001b330000)]
  0x000000001a440000 JavaThread "AWT-Shutdown" [_thread_blocked, id=9844, stack(0x000000001acc0000,0x000000001adc0000)]
  0x000000001a431000 JavaThread "Java2D Disposer" daemon [_thread_blocked, id=11668, stack(0x000000001abc0000,0x000000001acc0000)]
  0x0000000019b49800 JavaThread "Service Thread" daemon [_thread_blocked, id=6832, stack(0x000000001a080000,0x000000001a180000)]
  0x0000000019b49000 JavaThread "C1 CompilerThread2" daemon [_thread_blocked, id=9200, stack(0x0000000019f80000,0x000000001a080000)]
  0x0000000019b48000 JavaThread "C2 CompilerThread1" daemon [_thread_blocked, id=8332, stack(0x0000000019e80000,0x0000000019f80000)]
  0x0000000019c35000 JavaThread "C2 CompilerThread0" daemon [_thread_blocked, id=6188, stack(0x0000000019d80000,0x0000000019e80000)]
  0x0000000017cca800 JavaThread "JDWP Event Helper Thread" daemon [_thread_blocked, id=8100, stack(0x0000000019780000,0x0000000019880000)]
=>0x0000000017cbd000 JavaThread "JDWP Transport Listener: dt_socket" daemon [_thread_in_vm, id=7344, stack(0x0000000019300000,0x0000000019400000)]
  0x0000000017cb0800 JavaThread "Attach Listener" daemon [_thread_blocked, id=1516, stack(0x0000000019200000,0x0000000019300000)]
  0x0000000017caf800 JavaThread "Signal Dispatcher" daemon [_thread_blocked, id=13380, stack(0x0000000019100000,0x0000000019200000)]
  0x0000000017c9f800 JavaThread "Finalizer" daemon [_thread_blocked, id=4060, stack(0x0000000018f10000,0x0000000019010000)]
  0x0000000017c79000 JavaThread "Reference Handler" daemon [_thread_blocked, id=3384, stack(0x0000000018e10000,0x0000000018f10000)]

Other Threads:
  0x0000000017c77800 VMThread [stack: 0x0000000018d10000,0x0000000018e10000] [id=10848]

VM state:synchronizing (normal execution)

VM Mutex/Monitor currently owned by a thread:  ([mutex/lock_event])
[0x0000000003081f50] Threads_lock - owner thread: 0x0000000017c77800

Heap:
 PSYoungGen      total 38400K, used 29879K [0x00000000d5f00000, 0x00000000d8980000, 0x0000000100000000)
  eden space 33280K, 78% used [0x00000000d5f00000,0x00000000d785c0c0,0x00000000d7f80000)
  from space 5120K, 76% used [0x00000000d8480000,0x00000000d8851eb0,0x00000000d8980000)
  to   space 5120K, 0% used [0x00000000d7f80000,0x00000000d7f80000,0x00000000d8480000)
 ParOldGen       total 87552K, used 28397K [0x0000000081c00000, 0x0000000087180000, 0x00000000d5f00000)
  object space 87552K, 32% used [0x0000000081c00000,0x00000000837bb6d8,0x0000000087180000)
 Metaspace       used 20301K, capacity 20568K, committed 20864K, reserved 1067008K
  class space    used 2586K, capacity 2657K, committed 2688K, reserved 1048576K

Card table byte_map: [0x0000000012540000,0x0000000012940000] byte_map_base: 0x0000000012132000

Marking Bits: (ParMarkBitMap*) 0x000000006b7e2d00
 Begin Bits: [0x0000000012ff0000, 0x0000000014f80000)
 End Bits:   [0x0000000014f80000, 0x0000000016f10000)

Polling page: 0x0000000001000000

CodeCache: size=245760Kb used=8520Kb max_used=8533Kb free=237239Kb
 bounds [0x0000000003180000, 0x00000000039e0000, 0x0000000012180000]
 total_blobs=2909 nmethods=2340 adapters=488
 compilation: enabled

Compilation events (10 events):
Event: 95.461 Thread 0x0000000019b49000 2422       3       java.nio.CharBuffer::<init> (22 bytes)
Event: 95.461 Thread 0x0000000019b49000 nmethod 2422 0x00000000039b5190 code [0x00000000039b5300, 0x00000000039b54e8]
Event: 95.461 Thread 0x0000000019b49000 2424       3       java.nio.CharBuffer::hasArray (20 bytes)
Event: 95.461 Thread 0x0000000019b49000 nmethod 2424 0x00000000039b4dd0 code [0x00000000039b4f20, 0x00000000039b5110]
Event: 95.461 Thread 0x0000000019b49000 2426       3       java.nio.CharBuffer::array (35 bytes)
Event: 95.461 Thread 0x0000000019b49000 nmethod 2426 0x00000000039b4790 code [0x00000000039b4920, 0x00000000039b4c58]
Event: 95.461 Thread 0x0000000019b49000 2425       3       java.nio.ByteBuffer::hasArray (20 bytes)
Event: 95.461 Thread 0x0000000019b49000 nmethod 2425 0x00000000039b43d0 code [0x00000000039b4520, 0x00000000039b4710]
Event: 95.461 Thread 0x0000000019b49000 2427       3       sun.nio.cs.SingleByte$Encoder::encodeArrayLoop (236 bytes)
Event: 95.463 Thread 0x0000000019b49000 nmethod 2427 0x00000000039bb6d0 code [0x00000000039bbbe0, 0x00000000039be828]

GC Heap History (4 events):
Event: 2.839 GC heap before
{Heap before GC invocations=1 (full 0):
 PSYoungGen      total 38400K, used 33280K [0x00000000d5f00000, 0x00000000d8980000, 0x0000000100000000)
  eden space 33280K, 100% used [0x00000000d5f00000,0x00000000d7f80000,0x00000000d7f80000)
  from space 5120K, 0% used [0x00000000d8480000,0x00000000d8480000,0x00000000d8980000)
  to   space 5120K, 0% used [0x00000000d7f80000,0x00000000d7f80000,0x00000000d8480000)
 ParOldGen       total 87552K, used 0K [0x0000000081c00000, 0x0000000087180000, 0x00000000d5f00000)
  object space 87552K, 0% used [0x0000000081c00000,0x0000000081c00000,0x0000000087180000)
 Metaspace       used 15665K, capacity 15908K, committed 16256K, reserved 1062912K
  class space    used 2026K, capacity 2115K, committed 2176K, reserved 1048576K
Event: 2.845 GC heap after
Heap after GC invocations=1 (full 0):
 PSYoungGen      total 38400K, used 3760K [0x00000000d5f00000, 0x00000000d8980000, 0x0000000100000000)
  eden space 33280K, 0% used [0x00000000d5f00000,0x00000000d5f00000,0x00000000d7f80000)
  from space 5120K, 73% used [0x00000000d7f80000,0x00000000d832c280,0x00000000d8480000)
  to   space 5120K, 0% used [0x00000000d8480000,0x00000000d8480000,0x00000000d8980000)
 ParOldGen       total 87552K, used 4112K [0x0000000081c00000, 0x0000000087180000, 0x00000000d5f00000)
  object space 87552K, 4% used [0x0000000081c00000,0x0000000082004010,0x0000000087180000)
 Metaspace       used 15665K, capacity 15908K, committed 16256K, reserved 1062912K
  class space    used 2026K, capacity 2115K, committed 2176K, reserved 1048576K
}
Event: 19.912 GC heap before
{Heap before GC invocations=2 (full 0):
 PSYoungGen      total 38400K, used 37040K [0x00000000d5f00000, 0x00000000d8980000, 0x0000000100000000)
  eden space 33280K, 100% used [0x00000000d5f00000,0x00000000d7f80000,0x00000000d7f80000)
  from space 5120K, 73% used [0x00000000d7f80000,0x00000000d832c280,0x00000000d8480000)
  to   space 5120K, 0% used [0x00000000d8480000,0x00000000d8480000,0x00000000d8980000)
 ParOldGen       total 87552K, used 4112K [0x0000000081c00000, 0x0000000087180000, 0x00000000d5f00000)
  object space 87552K, 4% used [0x0000000081c00000,0x0000000082004010,0x0000000087180000)
 Metaspace       used 18743K, capacity 19058K, committed 19200K, reserved 1067008K
  class space    used 2379K, capacity 2496K, committed 2560K, reserved 1048576K
Event: 19.921 GC heap after
Heap after GC invocations=2 (full 0):
 PSYoungGen      total 38400K, used 3911K [0x00000000d5f00000, 0x00000000d8980000, 0x0000000100000000)
  eden space 33280K, 0% used [0x00000000d5f00000,0x00000000d5f00000,0x00000000d7f80000)
  from space 5120K, 76% used [0x00000000d8480000,0x00000000d8851eb0,0x00000000d8980000)
  to   space 5120K, 0% used [0x00000000d7f80000,0x00000000d7f80000,0x00000000d8480000)
 ParOldGen       total 87552K, used 28397K [0x0000000081c00000, 0x0000000087180000, 0x00000000d5f00000)
  object space 87552K, 32% used [0x0000000081c00000,0x00000000837bb6d8,0x0000000087180000)
 Metaspace       used 18743K, capacity 19058K, committed 19200K, reserved 1067008K
  class space    used 2379K, capacity 2496K, committed 2560K, reserved 1048576K
}

Deoptimization events (10 events):
Event: 2.572 Thread 0x0000000003084800 Uncommon trap: reason=class_check action=maybe_recompile pc=0x000000000332aa84 method=java.lang.String.equals(Ljava/lang/Object;)Z @ 8
Event: 5.269 Thread 0x0000000003084800 Uncommon trap: reason=null_assert action=make_not_entrant pc=0x0000000003629f7c method=org.eclipse.jdt.launching.internal.org.objectweb.asm.ClassReader.readCode(Lorg/eclipse/jdt/launching/internal/org/objectweb/asm/MethodVisitor;Lorg/eclipse/jdt/launching
Event: 7.637 Thread 0x0000000003084800 Uncommon trap: reason=null_assert action=make_not_entrant pc=0x000000000348acd8 method=org.eclipse.jdt.launching.internal.org.objectweb.asm.ClassReader.readCode(Lorg/eclipse/jdt/launching/internal/org/objectweb/asm/MethodVisitor;Lorg/eclipse/jdt/launching
Event: 7.704 Thread 0x0000000003084800 Uncommon trap: reason=class_check action=maybe_recompile pc=0x00000000034fcd58 method=java.util.HashMap.putVal(ILjava/lang/Object;Ljava/lang/Object;ZZ)Ljava/lang/Object; @ 253
Event: 7.704 Thread 0x0000000003084800 Uncommon trap: reason=class_check action=maybe_recompile pc=0x00000000034fcd58 method=java.util.HashMap.putVal(ILjava/lang/Object;Ljava/lang/Object;ZZ)Ljava/lang/Object; @ 253
Event: 7.704 Thread 0x0000000003084800 Uncommon trap: reason=class_check action=maybe_recompile pc=0x00000000034fcd58 method=java.util.HashMap.putVal(ILjava/lang/Object;Ljava/lang/Object;ZZ)Ljava/lang/Object; @ 253
Event: 7.704 Thread 0x0000000003084800 Uncommon trap: reason=class_check action=maybe_recompile pc=0x00000000034fcd58 method=java.util.HashMap.putVal(ILjava/lang/Object;Ljava/lang/Object;ZZ)Ljava/lang/Object; @ 253
Event: 7.704 Thread 0x0000000003084800 Uncommon trap: reason=class_check action=maybe_recompile pc=0x00000000034fdef4 method=java.util.HashMap.putVal(ILjava/lang/Object;Ljava/lang/Object;ZZ)Ljava/lang/Object; @ 253
Event: 23.550 Thread 0x000000001a9ca800 Uncommon trap: reason=unstable_if action=reinterpret pc=0x00000000037ff130 method=java.security.AccessControlContext.optimize()Ljava/security/AccessControlContext; @ 220
Event: 32.368 Thread 0x000000001a9ca800 Uncommon trap: reason=unstable_if action=reinterpret pc=0x00000000038b6400 method=sun.java2d.pipe.Region.dimAdd(II)I @ 1

Classes redefined (0 events):
No events

Internal exceptions (10 events):
Event: 0.437 Thread 0x0000000003084800 Exception <a 'java/security/PrivilegedActionException'> (0x00000000d65cea00) thrown at [C:\re\workspace\8-2-build-windows-amd64-cygwin\jdk8u181\11358\hotspot\src\share\vm\prims\jvm.cpp, line 1435]
Event: 0.437 Thread 0x0000000003084800 Exception <a 'java/security/PrivilegedActionException'> (0x00000000d65d2670) thrown at [C:\re\workspace\8-2-build-windows-amd64-cygwin\jdk8u181\11358\hotspot\src\share\vm\prims\jvm.cpp, line 1435]
Event: 0.437 Thread 0x0000000003084800 Exception <a 'java/security/PrivilegedActionException'> (0x00000000d65d2880) thrown at [C:\re\workspace\8-2-build-windows-amd64-cygwin\jdk8u181\11358\hotspot\src\share\vm\prims\jvm.cpp, line 1435]
Event: 0.441 Thread 0x0000000003084800 Exception <a 'java/io/FileNotFoundException'> (0x00000000d65d9c50) thrown at [C:\re\workspace\8-2-build-windows-amd64-cygwin\jdk8u181\11358\hotspot\src\share\vm\prims\jni.cpp, line 709]
Event: 0.472 Thread 0x0000000003084800 Exception <a 'java/lang/NoSuchFieldError': method resolution failed> (0x00000000d67008b8) thrown at [C:\re\workspace\8-2-build-windows-amd64-cygwin\jdk8u181\11358\hotspot\src\share\vm\prims\methodHandles.cpp, line 1167]
Event: 0.476 Thread 0x0000000003084800 Exception <a 'java/lang/NoSuchFieldError': method resolution failed> (0x00000000d670e4a8) thrown at [C:\re\workspace\8-2-build-windows-amd64-cygwin\jdk8u181\11358\hotspot\src\share\vm\prims\methodHandles.cpp, line 1167]
Event: 0.549 Thread 0x0000000003084800 Exception <a 'java/io/FileNotFoundException'> (0x00000000d68d2220) thrown at [C:\re\workspace\8-2-build-windows-amd64-cygwin\jdk8u181\11358\hotspot\src\share\vm\prims\jni.cpp, line 709]
Event: 0.724 Thread 0x0000000003084800 Implicit null exception at 0x00000000033ef616 to 0x00000000033efab5
Event: 23.728 Thread 0x000000001b8cc800 Exception <a 'java/lang/StackOverflowError'> (0x00000000d699f330) thrown at [C:\re\workspace\8-2-build-windows-amd64-cygwin\jdk8u181\11358\hotspot\src\share\vm\interpreter\interpreterRuntime.cpp, line 323]
Event: 95.306 Thread 0x000000001a9ca800 Exception <a 'java/lang/ArrayIndexOutOfBoundsException': 18> (0x00000000d754ba20) thrown at [C:\re\workspace\8-2-build-windows-amd64-cygwin\jdk8u181\11358\hotspot\src\share\vm\interpreter\interpreterRuntime.cpp, line 366]

Events (10 events):
Event: 95.348 Thread 0x000000001b8cf800 DEOPT PACKING pc=0x0000000003593cdc sp=0x000000001dadf2b0
Event: 95.348 Thread 0x000000001b8cf800 DEOPT UNPACKING pc=0x00000000031c7890 sp=0x000000001dadf050 mode 1
Event: 95.353 Thread 0x000000001b8cf800 Thread exited: 0x000000001b8cf800
Event: 95.355 Thread 0x000000001b8ce000 Thread exited: 0x000000001b8ce000
Event: 95.376 Thread 0x000000001a441000 Thread exited: 0x000000001a441000
Event: 95.455 Thread 0x000000001b8c9000 Thread exited: 0x000000001b8c9000
Event: 95.458 loading class java/lang/Throwable$WrappedPrintStream
Event: 95.458 loading class java/lang/Throwable$PrintStreamOrWriter
Event: 95.458 loading class java/lang/Throwable$PrintStreamOrWriter done
Event: 95.458 loading class java/lang/Throwable$WrappedPrintStream done


Dynamic libraries:
0x00007ff615250000 - 0x00007ff615287000 	C:\Program Files\Java\jre1.8.0_181\bin\javaw.exe
0x00007ffa2f5e0000 - 0x00007ffa2f7c1000 	C:\WINDOWS\SYSTEM32\ntdll.dll
0x00007ffa2cb30000 - 0x00007ffa2cbe2000 	C:\WINDOWS\System32\KERNEL32.DLL
0x00007ffa2bba0000 - 0x00007ffa2be13000 	C:\WINDOWS\System32\KERNELBASE.dll
0x00007ffa29830000 - 0x00007ffa298bb000 	C:\WINDOWS\SYSTEM32\apphelp.dll
0x00007ffa0d9e0000 - 0x00007ffa0da39000 	C:\WINDOWS\SYSTEM32\AcGenral.DLL
0x00007ffa2cd00000 - 0x00007ffa2cd9e000 	C:\WINDOWS\System32\msvcrt.dll
0x00007ffa2cca0000 - 0x00007ffa2ccfb000 	C:\WINDOWS\System32\sechost.dll
0x00007ffa2ef50000 - 0x00007ffa2f074000 	C:\WINDOWS\System32\RPCRT4.dll
0x00007ffa2f0f0000 - 0x00007ffa2f141000 	C:\WINDOWS\System32\SHLWAPI.dll
0x00007ffa2e480000 - 0x00007ffa2e7a3000 	C:\WINDOWS\System32\combase.dll
0x00007ffa2c750000 - 0x00007ffa2c84a000 	C:\WINDOWS\System32\ucrtbase.dll
0x00007ffa2c850000 - 0x00007ffa2c8ca000 	C:\WINDOWS\System32\bcryptPrimitives.dll
0x00007ffa2e830000 - 0x00007ffa2e858000 	C:\WINDOWS\System32\GDI32.dll
0x00007ffa2c8d0000 - 0x00007ffa2ca62000 	C:\WINDOWS\System32\gdi32full.dll
0x00007ffa2c590000 - 0x00007ffa2c62f000 	C:\WINDOWS\System32\msvcp_win.dll
0x00007ffa2edc0000 - 0x00007ffa2ef50000 	C:\WINDOWS\System32\USER32.dll
0x00007ffa2c6e0000 - 0x00007ffa2c700000 	C:\WINDOWS\System32\win32u.dll
0x00007ffa2ce80000 - 0x00007ffa2cfd1000 	C:\WINDOWS\System32\ole32.dll
0x00007ffa2d040000 - 0x00007ffa2e47f000 	C:\WINDOWS\System32\SHELL32.dll
0x00007ffa2c700000 - 0x00007ffa2c749000 	C:\WINDOWS\System32\cfgmgr32.dll
0x00007ffa2cbf0000 - 0x00007ffa2cc99000 	C:\WINDOWS\System32\shcore.dll
0x00007ffa2be20000 - 0x00007ffa2c52d000 	C:\WINDOWS\System32\windows.storage.dll
0x00007ffa2ed10000 - 0x00007ffa2edb1000 	C:\WINDOWS\System32\advapi32.dll
0x00007ffa2b970000 - 0x00007ffa2b981000 	C:\WINDOWS\System32\kernel.appcore.dll
0x00007ffa2b900000 - 0x00007ffa2b91f000 	C:\WINDOWS\System32\profapi.dll
0x00007ffa2b920000 - 0x00007ffa2b96c000 	C:\WINDOWS\System32\powrprof.dll
0x00007ffa2b8f0000 - 0x00007ffa2b8fa000 	C:\WINDOWS\System32\FLTLIB.DLL
0x00007ffa2b7f0000 - 0x00007ffa2b820000 	C:\WINDOWS\SYSTEM32\SspiCli.dll
0x00007ffa2b820000 - 0x00007ffa2b848000 	C:\WINDOWS\SYSTEM32\USERENV.dll
0x00007ffa1e3e0000 - 0x00007ffa1e3fa000 	C:\WINDOWS\SYSTEM32\MPR.dll
0x00007ffa2e860000 - 0x00007ffa2e88d000 	C:\WINDOWS\System32\IMM32.DLL
0x00007ffa1f370000 - 0x00007ffa1f5d9000 	C:\WINDOWS\WinSxS\amd64_microsoft.windows.common-controls_6595b64144ccf1df_6.0.17134.345_none_fb429a5930656358\COMCTL32.dll
0x000000006b870000 - 0x000000006b942000 	C:\Program Files\Java\jre1.8.0_181\bin\msvcr100.dll
0x000000006afc0000 - 0x000000006b862000 	C:\Program Files\Java\jre1.8.0_181\bin\server\jvm.dll
0x00007ffa2cda0000 - 0x00007ffa2cda8000 	C:\WINDOWS\System32\PSAPI.DLL
0x00007ffa23c00000 - 0x00007ffa23c23000 	C:\WINDOWS\SYSTEM32\WINMM.dll
0x00007ffa16bd0000 - 0x00007ffa16bd9000 	C:\WINDOWS\SYSTEM32\WSOCK32.dll
0x00007ffa2f080000 - 0x00007ffa2f0ec000 	C:\WINDOWS\System32\WS2_32.dll
0x00007ffa261c0000 - 0x00007ffa261ca000 	C:\WINDOWS\SYSTEM32\VERSION.dll
0x00007ffa23bd0000 - 0x00007ffa23bfa000 	C:\WINDOWS\SYSTEM32\WINMMBASE.dll
0x000000006afb0000 - 0x000000006afbf000 	C:\Program Files\Java\jre1.8.0_181\bin\verify.dll
0x000000006af80000 - 0x000000006afa9000 	C:\Program Files\Java\jre1.8.0_181\bin\java.dll
0x000000006af40000 - 0x000000006af75000 	C:\Program Files\Java\jre1.8.0_181\bin\jdwp.dll
0x000000006af30000 - 0x000000006af38000 	C:\Program Files\Java\jre1.8.0_181\bin\npt.dll
0x000000006af00000 - 0x000000006af23000 	C:\Program Files\Java\jre1.8.0_181\bin\instrument.dll
0x000000006aee0000 - 0x000000006aef6000 	C:\Program Files\Java\jre1.8.0_181\bin\zip.dll
0x000000006aed0000 - 0x000000006aed9000 	C:\Program Files\Java\jre1.8.0_181\bin\dt_socket.dll
0x00007ffa09ff0000 - 0x00007ffa0a006000 	C:\WINDOWS\system32\napinsp.dll
0x00007ffa06080000 - 0x00007ffa0609a000 	C:\WINDOWS\system32\pnrpnsp.dll
0x00007ffa28150000 - 0x00007ffa28169000 	C:\WINDOWS\system32\NLAapi.dll
0x00007ffa2b170000 - 0x00007ffa2b1d6000 	C:\WINDOWS\System32\mswsock.dll
0x00007ffa2af30000 - 0x00007ffa2afee000 	C:\WINDOWS\SYSTEM32\DNSAPI.dll
0x00007ffa2e890000 - 0x00007ffa2e898000 	C:\WINDOWS\System32\NSI.dll
0x00007ffa2aef0000 - 0x00007ffa2af28000 	C:\WINDOWS\SYSTEM32\IPHLPAPI.DLL
0x00007ffa06070000 - 0x00007ffa0607e000 	C:\WINDOWS\System32\winrnr.dll
0x00007ffa261a0000 - 0x00007ffa261b5000 	C:\WINDOWS\System32\wshbth.dll
0x0000000070990000 - 0x00000000709b6000 	C:\Program Files\Bonjour\mdnsNSP.dll
0x00007ffa1eb10000 - 0x00007ffa1eb82000 	C:\WINDOWS\System32\fwpuclnt.dll
0x00007ffa2b450000 - 0x00007ffa2b475000 	C:\WINDOWS\SYSTEM32\bcrypt.dll
0x00007ffa1dcf0000 - 0x00007ffa1dcfa000 	C:\Windows\System32\rasadhlp.dll
0x000000006ad30000 - 0x000000006aec9000 	C:\Program Files\Java\jre1.8.0_181\bin\awt.dll
0x00007ffa2cdb0000 - 0x00007ffa2ce72000 	C:\WINDOWS\System32\OLEAUT32.dll
0x00007ffa299b0000 - 0x00007ffa29a48000 	C:\WINDOWS\system32\uxtheme.dll
0x00007ffa2e8a0000 - 0x00007ffa2ea14000 	C:\WINDOWS\System32\MSCTF.dll
0x00007ffa29c40000 - 0x00007ffa29c69000 	C:\WINDOWS\system32\dwmapi.dll
0x000000006ace0000 - 0x000000006ad27000 	C:\Program Files\Java\jre1.8.0_181\bin\fontmanager.dll
0x000000006acc0000 - 0x000000006acda000 	C:\Program Files\Java\jre1.8.0_181\bin\net.dll
0x000000006aca0000 - 0x000000006acb1000 	C:\Program Files\Java\jre1.8.0_181\bin\nio.dll
0x00007ffa0d060000 - 0x00007ffa0d180000 	C:\WINDOWS\system32\opengl32.dll
0x00007ffa15ff0000 - 0x00007ffa1601c000 	C:\WINDOWS\SYSTEM32\GLU32.dll
0x000000006ac50000 - 0x000000006ac92000 	C:\Program Files\Java\jre1.8.0_181\bin\t2k.dll
0x00007ffa19e00000 - 0x00007ffa19e97000 	C:\WINDOWS\System32\TextInputFramework.dll
0x00007ffa22ca0000 - 0x00007ffa22fbe000 	C:\WINDOWS\System32\CoreUIComponents.dll
0x00007ffa29630000 - 0x00007ffa2970a000 	C:\WINDOWS\System32\CoreMessaging.dll
0x00007ffa2a9c0000 - 0x00007ffa2a9f1000 	C:\WINDOWS\SYSTEM32\ntmarta.dll
0x00007ffa279a0000 - 0x00007ffa27aed000 	C:\WINDOWS\SYSTEM32\wintypes.dll
0x00007ffa23330000 - 0x00007ffa233d7000 	C:\WINDOWS\WinSxS\amd64_microsoft.windows.common-controls_6595b64144ccf1df_5.82.17134.345_none_f95245bf3095c4c9\comctl32.dll
0x00007ffa2ca70000 - 0x00007ffa2cb10000 	C:\WINDOWS\System32\clbcatq.dll
0x00007ffa2a3c0000 - 0x00007ffa2a574000 	C:\WINDOWS\system32\propsys.dll
0x00007ffa23110000 - 0x00007ffa232be000 	C:\WINDOWS\SYSTEM32\WindowsCodecs.dll
0x00007ffa25d80000 - 0x00007ffa25d8b000 	C:\WINDOWS\System32\drprov.dll
0x00007ffa2aa60000 - 0x00007ffa2aab6000 	C:\WINDOWS\System32\WINSTA.dll
0x00007ffa25d60000 - 0x00007ffa25d76000 	C:\WINDOWS\System32\ntlanman.dll
0x00007ffa25d40000 - 0x00007ffa25d5d000 	C:\WINDOWS\System32\davclnt.dll
0x00007ffa23a10000 - 0x00007ffa23a1c000 	C:\WINDOWS\System32\DAVHLPR.dll
0x00007ffa27170000 - 0x00007ffa27187000 	C:\WINDOWS\System32\wkscli.dll
0x00007ffa04920000 - 0x00007ffa04932000 	C:\WINDOWS\SYSTEM32\cscapi.dll
0x00007ffa2aff0000 - 0x00007ffa2affe000 	C:\WINDOWS\System32\netutils.dll
0x00007ffa282d0000 - 0x00007ffa282ee000 	C:\Windows\System32\DevDispItemProvider.dll
0x00007ffa041e0000 - 0x00007ffa041ed000 	C:\WINDOWS\SYSTEM32\LINKINFO.dll
0x00007ffa13090000 - 0x00007ffa1309c000 	C:\WINDOWS\SYSTEM32\Secur32.dll
0x00007ffa256a0000 - 0x00007ffa256b8000 	C:\WINDOWS\SYSTEM32\samcli.dll
0x00007ffa25780000 - 0x00007ffa257a3000 	C:\WINDOWS\SYSTEM32\SAMLIB.dll
0x00007ffa2b320000 - 0x00007ffa2b337000 	C:\WINDOWS\SYSTEM32\CRYPTSP.dll
0x00007ffa2ad50000 - 0x00007ffa2ad83000 	C:\WINDOWS\system32\rsaenh.dll
0x00007ffa2b340000 - 0x00007ffa2b34b000 	C:\WINDOWS\SYSTEM32\CRYPTBASE.dll
0x00007ffa24430000 - 0x00007ffa24446000 	C:\WINDOWS\SYSTEM32\dhcpcsvc6.DLL
0x00007ffa25a30000 - 0x00007ffa25a4a000 	C:\WINDOWS\SYSTEM32\dhcpcsvc.DLL
0x00007ffa118f0000 - 0x00007ffa11ab9000 	C:\WINDOWS\SYSTEM32\dbghelp.dll

VM Arguments:
jvm_args: -agentlib:jdwp=transport=dt_socket,suspend=y,address=localhost:51911 -javaagent:C:\Java\eclipse\eclipse\configuration\org.eclipse.osgi\418\0\.cp\lib\javaagent-shaded.jar -Dfile.encoding=Cp1252 
java_command: com.troy.labgrader.Main
java_class_path (initial): C:\Program Files\Java\jre1.8.0_181\lib\resources.jar;C:\Program Files\Java\jre1.8.0_181\lib\rt.jar;C:\Program Files\Java\jre1.8.0_181\lib\jsse.jar;C:\Program Files\Java\jre1.8.0_181\lib\jce.jar;C:\Program Files\Java\jre1.8.0_181\lib\charsets.jar;C:\Program Files\Java\jre1.8.0_181\lib\jfr.jar;C:\Program Files\Java\jre1.8.0_181\lib\ext\access-bridge-64.jar;C:\Program Files\Java\jre1.8.0_181\lib\ext\cldrdata.jar;C:\Program Files\Java\jre1.8.0_181\lib\ext\dnsns.jar;C:\Program Files\Java\jre1.8.0_181\lib\ext\dns_sd.jar;C:\Program Files\Java\jre1.8.0_181\lib\ext\jaccess.jar;C:\Program Files\Java\jre1.8.0_181\lib\ext\jfxrt.jar;C:\Program Files\Java\jre1.8.0_181\lib\ext\localedata.jar;C:\Program Files\Java\jre1.8.0_181\lib\ext\nashorn.jar;C:\Program Files\Java\jre1.8.0_181\lib\ext\sunec.jar;C:\Program Files\Java\jre1.8.0_181\lib\ext\sunjce_provider.jar;C:\Program Files\Java\jre1.8.0_181\lib\ext\sunmscapi.jar;C:\Program Files\Java\jre1.8.0_181\lib\ext\sunpkcs11.jar;C:\Program Files\Java\jre1.8.0_181\lib\ext\zipfs.jar;C:\Java\Current Projects\Lab Grader\bin;C:\Users\Troy Neubauer\.gradle\caches\modules-2\files-2.1\org.apache.logging.log4j\log4j-api\2.11.0\bede79a3f150711634a3047985517431bf6499f2\log4j-api-2.11.0.jar;C:\Users\Troy Neubauer\.gradle\caches\modules-2\files-2.1\org.apache.logging.log4j\log4j-core\2.11.0\e6b751e02120c08702d98750f6a80bc25343b7f5\log4j-core-2.11.0.jar;C:\Users\Troy Neubauer\.gradle\caches\modules-2\files-2.1\javax.mail\mail\1.4.7\9add058589d5d85adeb625859bf2c5eeaaedf12d\mail-1.4.7.jar;C:\Users\Troy Neubauer\.gradle\caches\modules-2\files-2.1\org.jdatepicker\jdatepicker\1.3.4\5f0112ef368fda2c493e674e3059cbe4ac1b6965\jdatepicker-1.3.4.jar;C:\Users\Troy Neubauer\.gradle\caches\modules-2\files-2.1\com.esotericsoftware\kryo\4.0.1\5053899c213a6ce50a800d4902c5a9de49fe0098\kryo-4.0.1.jar;C:\Users\Troy Neubauer\.gradle\caches\modules-2\files-2.1\org.apache.poi\poi\3.17\ae92292a2043888b40d418da97dc0b669fde326\poi-3.17.jar;C:\Users\
Launcher Type: SUN_STANDARD

Environment Variables:
PATH=C:/Program Files/Java/jdk1.8.0_181/bin/../jre/bin/server;C:/Program Files/Java/jdk1.8.0_181/bin/../jre/bin;C:/Program Files/Java/jdk1.8.0_181/bin/../jre/lib/amd64;C:\Program Files\Java\jdk1.8.0_181\bin;C:\Program Files (x86)\Razer Chroma SDK\bin;C:\Program Files\Razer Chroma SDK\bin;C:\Program Files (x86)\Common Files\Oracle\Java\javapath;C:\WINDOWS\system32;C:\WINDOWS;C:\WINDOWS\System32\Wbem;C:\WINDOWS\System32\WindowsPowerShell\v1.0\;C:\WINDOWS\System32\OpenSSH\;C:\Program Files\Microsoft VS Code\bin;C:\Program Files\Git\cmd;C:\Program Files (x86)\NVIDIA Corporation\PhysX\Common;C:\Program Files\dotnet\;C:\Program Files\Microsoft SQL Server\130\Tools\Binn\;C:\Programs\gradle\gradle-4.9\bin;C:\WINDOWS\system32\config\systemprofile\AppData\Local\Microsoft\WindowsApps;C:\Program Files (x86)\Common Files\Propellerhead Software\ReWire\;C:\Program Files\Common Files\Propellerhead Software\ReWire\;C:\Program Files\PuTTY\;C:\Program Files (x86)\Bitvise SSH Client;C:\Programs;C:\Program Files\nodejs\;C:\Android\Sdk\platform-tools;C:\Users\Troy Neubauer\AppData\Local\Microsoft\WindowsApps;C:\Users\Troy Neubauer\AppData\Local\atom\bin;C:\Users\Troy Neubauer\AppData\Local\Programs\Microsoft VS Code\bin;C:\Users\Troy Neubauer\AppData\Roaming\npm;C:\WINDOWS\system32;
USERNAME=Troy Neubauer
OS=Windows_NT
PROCESSOR_IDENTIFIER=Intel64 Family 6 Model 158 Stepping 9, GenuineIntel



---------------  S Y S T E M  ---------------

OS: Windows 10.0 , 64 bit Build 17134 (10.0.17134.1)

CPU:total 4 (initial active 4) (4 cores per cpu, 1 threads per core) family 6 model 158 stepping 9, cmov, cx8, fxsr, mmx, sse, sse2, sse3, ssse3, sse4.1, sse4.2, popcnt, avx, avx2, aes, clmul, erms, 3dnowpref, lzcnt, tsc, tscinvbit, bmi1, bmi2, adx

Memory: 4k page, physical 8269412k(3662844k free), swap 17581376k(10732724k free)

vm_info: Java HotSpot(TM) 64-Bit Server VM (25.181-b13) for windows-amd64 JRE (1.8.0_181-b13), built on Jul  7 2018 04:01:33 by "java_re" with MS VC++ 10.0 (VS2010)

time: Sat Nov 03 17:37:13 2018
elapsed time: 95 seconds (0d 0h 1m 35s)

